<?xml version="1.0" encoding="UTF-8"?>
<testsuite name="ATBRestAssured"
           tests="3"
           failures="0"
           errors="0"
           skipped="0"
           time="0.011">
    <properties></properties>



            <testcase
                name="testPUTReq"
                time="0.005"
                classname="RestATBPractice.Testng.Testng003">
            </testcase>
            <testcase
                name="testPUTReq3"
                time="0.004"
                classname="RestATBPractice.Testng.Testng003">
            </testcase>
            <testcase
                name="testPUTReq2"
                time="0.002"
                classname="RestATBPractice.Testng.Testng003">
            </testcase>
</testsuite>
